f_vespa/build/app/outputs/mapping/release/seeds.txt
com.example.f_vespa.MainActivity
com.example.f_vespa.MainActivity: MainActivity()
...
io.flutter.embedding.engine.FlutterJNI: void attachToNative(boolean)
io.flutter.view.AccessibilityBridge$Flag: io.flutter.view.AccessibilityBridge$Flag valueOf(java.lang.String)
io.flutter.view.AccessibilityViewEmbedder: void addChildrenToFlutterNode(android.view.accessibility.AccessibilityNodeInfo,android.view.View,android.view.accessibility.AccessibilityNodeInfo)
io.flutter.embedding.engine.FlutterJNI: void requestDartDeferredLibrary(int)
io.flutter.embedding.engine.FlutterJNI: void nativeUnregisterTexture(long,long)
androidx.savedstate.Recreator
androidx.core.graphics.drawable.IconCompatParcelizer
io.flutter.embedding.android.FlutterView$ZeroSides: io.flutter.embedding.android.FlutterView$ZeroSides valueOf(java.lang.String)
io.flutter.embedding.engine.renderer.SurfaceTextureWrapper: android.graphics.SurfaceTexture surfaceTexture
io.flutter.embedding.engine.FlutterJNI: void nativeSetViewportMetrics(long,float,int,int,int,int,int,int,int,int,int,int,int,int,int,int)
io.flutter.embedding.engine.FlutterJNI
io.flutter.embedding.engine.FlutterJNI: void nativeDispatchSemanticsAction(long,int,int,java.nio.ByteBuffer,int)
io.flutter.embedding.engine.FlutterOverlaySurface: FlutterOverlaySurface(int,android.view.Surface)
io.flutter.embedding.engine.FlutterOverlaySurface: int id
android.support.v4.app.RemoteActionCompatParcelizer: RemoteActionCompatParcelizer()
io.flutter.plugin.platform.SingleViewPresentation: io.flutter.plugin.platform.SingleViewPresentation$AccessibilityDelegatingFrameLayout rootView
io.flutter.embedding.engine.FlutterJNI: void onSurfaceWindowChanged(android.view.Surface)
io.flutter.embedding.engine.mutatorsstack.FlutterMutatorsStack: java.util.List mutators
io.flutter.embedding.engine.FlutterJNI: void addIsDisplayingFlutterUiListener(io.flutter.embedding.engine.renderer.FlutterUiDisplayListener)
io.flutter.embedding.engine.FlutterJNI: io.flutter.embedding.engine.FlutterJNI$AsyncWaitForVsyncDelegate asyncWaitForVsyncDelegate
androidx.lifecycle.SingleGeneratedAdapterObserver
androidx.core.app.RemoteActionCompat: RemoteActionCompat()
io.flutter.embedding.engine.FlutterJNI: void setSemanticsEnabled(boolean)
io.flutter.view.FlutterCallbackInformation: java.lang.String callbackLibraryPath
io.flutter.embedding.engine.FlutterJNI: long performNativeAttach(io.flutter.embedding.engine.FlutterJNI,boolean)
androidx.lifecycle.Lifecycle$Event: androidx.lifecycle.Lifecycle$Event[] $VALUES
io.flutter.embedding.engine.systemchannels.PlatformChannel$ClipboardContentFormat: io.flutter.embedding.engine.systemchannels.PlatformChannel$ClipboardContentFormat valueOf(java.lang.String)
io.flutter.embedding.android.RenderMode: io.flutter.embedding.android.RenderMode[] values()
io.flutter.plugin.platform.SingleViewPresentation: io.flutter.plugin.platform.PlatformViewFactory viewFactory
io.flutter.view.AccessibilityBridge$Action: io.flutter.view.AccessibilityBridge$Action[] values()
io.flutter.embedding.android.FlutterSplashView$SavedState: android.os.Bundle access$700(io.flutter.embedding.android.FlutterSplashView$SavedState)
io.flutter.embedding.engine.systemchannels.PlatformChannel$Brightness: io.flutter.embedding.engine.systemchannels.PlatformChannel$Brightness[] values()
io.flutter.embedding.android.FlutterSplashView$SavedState: java.lang.String access$600(io.flutter.embedding.android.FlutterSplashView$SavedState)
io.flutter.view.AccessibilityViewEmbedder: void setFlutterNodesTranslateBounds(android.view.accessibility.AccessibilityNodeInfo,android.graphics.Rect,android.view.accessibility.AccessibilityNodeInfo)
androidx.activity.ImmLeaksCleaner
io.flutter.embedding.engine.mutatorsstack.FlutterMutatorsStack$FlutterMutatorType: io.flutter.embedding.engine.mutatorsstack.FlutterMutatorsStack$FlutterMutatorType valueOf(java.lang.String)
androidx.lifecycle.Lifecycle$Event: androidx.lifecycle.Lifecycle$Event ON_ANY
io.flutter.embedding.android.FlutterView: android.view.accessibility.AccessibilityNodeProvider getAccessibilityNodeProvider()