f_vespa/build/app/outputs/mapping/release/usage.txt
com.example.f_vespa.R$dimen
com.example.f_vespa.R$string
com.example.f_vespa.R$layout
com.example.f_vespa.R$style
com.example.f_vespa.R$styleable
com.example.f_vespa.R$drawable
com.example.f_vespa.R$id
com.example.f_vespa.BuildConfig
com.example.f_vespa.R$attr
com.example.f_vespa.R$mipmap
com.example.f_vespa.R$color
com.example.f_vespa.R
com.example.f_vespa.R$integer
...
androidx.annotation.RequiresFeature
androidx.core.os.ParcelCompat
androidx.core.view.ViewPropertyAnimatorUpdateListener
androidx.annotation.Px
kotlin.jvm.internal.MutablePropertyReference2
androidx.customview.widget.ViewDragHelper$Callback
androidx.core.R$id
org.intellij.lang.annotations.JdkConstants$PatternFlags
androidx.fragment.app.BackStackState
androidx.viewpager.widget.PagerTabStrip$1
androidx.core.provider.FontsContractCompat$4$8
androidx.core.content.PermissionChecker$PermissionResult
kotlin.collections.EmptyMap
kotlin.sequences.SequencesKt___SequencesKt$minus$4$iterator$1
androidx.core.app.ActivityCompat$SharedElementCallback21Impl$1
androidx.customview.R$drawable
androidx.core.app.NotificationManagerCompat$Task
androidx.core.os.ConfigurationCompat
androidx.core.util.Supplier
androidx.core.view.WindowCompat
kotlin.comparisons.ComparisonsKt__ComparisonsKt$compareBy$2
kotlin.text.StringsKt___StringsKt$asSequence$$inlined$Sequence$1
kotlin.coroutines.jvm.internal.SuspendLambda
kotlin.jvm.internal.Reflection
androidx.fragment.R
androidx.annotation.StringRes
kotlin.collections.ArraysKt___ArraysJvmKt$asList$2
androidx.lifecycle.OnLifecycleEvent
kotlin.collections.ArraysKt__ArraysKt
kotlin.reflect.KVisibility
io.flutter.embedding.engine.systemchannels.LifecycleChannel:
    private static final java.lang.String TAG
androidx.core.app.NotificationManagerCompat$ServiceConnectedEvent
kotlin.coroutines.SafeContinuation$Companion
kotlin.SinceKotlin
io.flutter.view.FlutterView$Provider
kotlin.TuplesKt
org.jetbrains.annotations.NonNls
kotlin.text.FlagEnum
androidx.core.content.SharedPreferencesCompat$EditorCompat$Helper
androidx.core.view.inputmethod.InputConnectionCompat$2
kotlin.coroutines.SafeContinuation
androidx.core.view.DragStartHelper$1
androidx.core.view.accessibility.AccessibilityManagerCompat$AccessibilityStateChangeListenerWrapper
io.flutter.embedding.engine.systemchannels.LocalizationChannel:
    private static final java.lang.String TAG
androidx.core.app.JobIntentService$WorkEnqueuer
kotlin.sequences.SequencesKt__SequenceBuilderKt
io.flutter.embedding.engine.systemchannels.AccessibilityChannel:
    private static final java.lang.String TAG
kotlin.io.FileSystemException
io.flutter.embedding.android.AndroidTouchProcessor$PointerChange
androidx.core.hardware.fingerprint.FingerprintManagerCompat$AuthenticationResult
kotlin.jvm.internal.ByteCompanionObject
kotlin.time.AbstractLongClock$LongClockMark
androidx.lifecycle.LifecycleRegistryOwner
kotlin.reflect.KParameter$Kind
androidx.fragment.app.Fragment$SavedState
kotlin.random.PlatformRandomKt
kotlin.text.TypeAliasesKt
kotlin.text.RegexKt$fromInt$$inlined$apply$lambda$1
androidx.core.app.NotificationCompat$InboxStyle
androidx.core.widget.TintableImageSourceView
kotlin.time.MonoClock
kotlin.io.FileTreeWalk$FileTreeWalkIterator$BottomUpDirectoryState
kotlin.DslMarker
androidx.core.app.FrameMetricsAggregator$FrameMetricsApi24Impl
kotlin.sequences.SequencesKt__SequencesJVMKt
androidx.customview.widget.FocusStrategy
androidx.fragment.app.Fragment$4
io.flutter.embedding.android.AndroidTouchProcessor:
    private static final int POINTER_DATA_FIELD_COUNT
    private static final int BYTES_PER_FIELD
    private static final int POINTER_DATA_FLAG_BATCHED
    private static final int _POINTER_BUTTON_PRIMARY
androidx.core.util.Preconditions
kotlin.coroutines.experimental.SequenceBuilderKt__SequenceBuilderKt$buildSequence$$inlined$Sequence$1
androidx.core.provider.FontsContractCompat$FontFamilyResult
kotlin.Deprecated
androidx.core.widget.CompoundButtonCompat
io.flutter.plugin.platform.PlatformViewFactory:
    public void <init>(io.flutter.plugin.common.MessageCodec)
kotlin.internal.HidesMembers
androidx.core.R$style
androidx.core.text.TextUtilsCompat
io.flutter.embedding.engine.FlutterEngineConnectionRegistry$FlutterEngineBroadcastReceiverPluginBinding
androidx.core.app.NotificationCompat$Action$WearableExtender
androidx.viewpager.R$styleable